<?xml version="1.0" encoding="UTF-8"?>
<!-- Generated by org.testng.reporters.JUnitReportReporter -->
<testsuite hostname="QAW2019RRA10" failures="0" tests="1" name="qaclickacademy.Mavenjava.appiumTest" time="5.752" errors="0" timestamp="2023-03-18T06:50:22 UTC" skipped="0">
  <testcase classname="qaclickacademy.Mavenjava.appiumTest" name="postjira" time="5.752"/>
  <system-out/>
</testsuite> <!-- qaclickacademy.Mavenjava.appiumTest -->
