<?xml version="1.0" encoding="UTF-8"?>
<!-- Generated by org.testng.reporters.JUnitReportReporter -->
<testsuite hostname="QAW2019RRA10" failures="0" tests="2" name="qaclickacademy.Mavenjava.RestapiTest" time="0.003" errors="0" timestamp="2022-08-08T12:48:41 UTC" skipped="0">
  <testcase classname="qaclickacademy.Mavenjava.RestapiTest" name="postjira" time="0.002"/>
  <system-out/>
  <testcase classname="qaclickacademy.Mavenjava.RestapiTest" name="delTwitter" time="0.001"/>
  <system-out/>
</testsuite> <!-- qaclickacademy.Mavenjava.RestapiTest -->
