<?xml version="1.0" encoding="UTF-8"?>
<!-- Generated by org.testng.reporters.JUnitReportReporter -->
<testsuite hostname="QAW2019RRA10" failures="0" tests="2" name="qaclickacademy.Mavenjava.appium" time="0.023" errors="0" timestamp="2022-08-08T10:01:08 UTC" skipped="0">
  <testcase classname="qaclickacademy.Mavenjava.appium" name="postjira" time="0.003"/>
  <system-out/>
  <testcase classname="qaclickacademy.Mavenjava.appium" name="delTwitter" time="0.020"/>
  <system-out/>
</testsuite> <!-- qaclickacademy.Mavenjava.appium -->
