<?xml version="1.0" encoding="UTF-8"?>
<!-- Generated by org.testng.reporters.JUnitReportReporter -->
<testsuite hostname="QAW2019RRA10" failures="0" tests="2" name="qaclickacademy.Mavenjava.appiumTest" time="0.023" errors="0" timestamp="2022-08-08T12:50:33 UTC" skipped="0">
  <testcase classname="qaclickacademy.Mavenjava.appiumTest" name="postjira" time="0.002"/>
  <system-out/>
  <testcase classname="qaclickacademy.Mavenjava.appiumTest" name="delTwitter" time="0.021"/>
  <system-out/>
</testsuite> <!-- qaclickacademy.Mavenjava.appiumTest -->
